<?xml version="1.0" encoding="UTF-8"?>
<!-- Generated by org.testng.reporters.JUnitXMLReporter -->
<testsuite hostname="DESKTOP-CBA7UQ0" ignored="1" name="Default test(failed)(failed)" tests="2" failures="0" timestamp="2020-12-08T22:47:29 IST" time="0.093" errors="0">
  <testcase name="TC1" time="0.015" classname="failedTC.ExcuteFailedTC"/>
  <testcase name="TC2" time="0.004" classname="failedTC.ExcuteFailedTC"/>
  <testcase name="TC3" time="0.0" classname="failedTC.ExcuteFailedTC">
    <ignored/>
  </testcase> <!-- TC3 -->
</testsuite> <!-- Default test(failed)(failed) -->
