<?xml version="1.0" encoding="UTF-8"?>
<testng-results skipped="0" failed="0" ignored="1" total="3" passed="2">
  <reporter-output>
    <line>
      <![CDATA[TC1]]>
    </line>
    <line>
      <![CDATA[TC1]]>
    </line>
  </reporter-output>
  <suite name="Failed suite [Failed suite [Default suite]]" duration-ms="93" started-at="2020-12-08T22:47:29 IST" finished-at="2020-12-08T22:47:29 IST">
    <groups>
    </groups>
    <test name="Default test(failed)(failed)" duration-ms="93" started-at="2020-12-08T22:47:29 IST" finished-at="2020-12-08T22:47:29 IST">
      <class name="failedTC.ExcuteFailedTC">
        <test-method status="PASS" signature="TC1()[pri:0, instance:failedTC.ExcuteFailedTC@3a883ce7]" name="TC1" duration-ms="15" started-at="2020-12-08T22:47:29 IST" finished-at="2020-12-08T22:47:29 IST">
          <reporter-output>
            <line>
              <![CDATA[TC1]]>
            </line>
          </reporter-output>
        </test-method> <!-- TC1 -->
        <test-method status="PASS" signature="TC2()[pri:0, instance:failedTC.ExcuteFailedTC@3a883ce7]" name="TC2" duration-ms="4" started-at="2020-12-08T22:47:29 IST" finished-at="2020-12-08T22:47:29 IST">
          <reporter-output>
            <line>
              <![CDATA[TC1]]>
            </line>
          </reporter-output>
        </test-method> <!-- TC2 -->
      </class> <!-- failedTC.ExcuteFailedTC -->
    </test> <!-- Default test(failed)(failed) -->
  </suite> <!-- Failed suite [Failed suite [Default suite]] -->
</testng-results>
